Using pre-set license

 COMMAND LINE ARGUMENTS:
/Applications/Unity/Hub/Editor/2020.3.10f1c1/Unity.app/Contents/MacOS/Unity
-adb2
-batchMode
-noUpm
-name
AssetImportWorker0
-projectPath
/Users/toyqiu/Documents/WorkSpace/UnityProjects/TinyProtobuf
-logFile
Logs/AssetImportWorker0.log
-srvPort
55972
Successfully changed project path to: /Users/toyqiu/Documents/WorkSpace/UnityProjects/TinyProtobuf
/Users/toyqiu/Documents/WorkSpace/UnityProjects/TinyProtobuf
Using Asset Import Pipeline V2.
Refreshing native plugins compatible for Editor in 28.05 ms, found 1 plugins.
Preloading 0 native plugins for Editor in 0.00 ms.
Initialize engine version: 2020.3.10f1c1 (65978a05d4e9)
[Subsystems] Discovering subsystems at path /Applications/Unity/Hub/Editor/2020.3.10f1c1/Unity.app/Contents/Resources/UnitySubsystems
[Subsystems] Discovering subsystems at path /Users/toyqiu/Documents/WorkSpace/UnityProjects/TinyProtobuf/Assets
GfxDevice: creating device client; threaded=0
2021-08-08 10:28:35.154 Unity[45563:6907081] Color LCD preferred device: Intel(R) UHD Graphics 630 (low power)
2021-08-08 10:28:35.154 Unity[45563:6907081] Metal devices available: 2
2021-08-08 10:28:35.154 Unity[45563:6907081] 0: AMD Radeon Pro 5300M (high power)
2021-08-08 10:28:35.154 Unity[45563:6907081] 1: Intel(R) UHD Graphics 630 (low power)
2021-08-08 10:28:35.154 Unity[45563:6907081] Using device AMD Radeon Pro 5300M (high power)
Initializing Metal device caps: AMD Radeon Pro 5300M
Initialize mono
Mono path[0] = '/Applications/Unity/Hub/Editor/2020.3.10f1c1/Unity.app/Contents/Managed'
Mono path[1] = '/Applications/Unity/Hub/Editor/2020.3.10f1c1/Unity.app/Contents/MonoBleedingEdge/lib/mono/unityjit'
Mono config path = '/Applications/Unity/Hub/Editor/2020.3.10f1c1/Unity.app/Contents/MonoBleedingEdge/etc'
Using monoOptions --debugger-agent=transport=dt_socket,embedding=1,server=y,suspend=n,address=127.0.0.1:56563
Begin MonoManager ReloadAssembly
Registering precompiled unity dll's ...
Register platform support module: /Applications/Unity/Hub/Editor/2020.3.10f1c1/Unity.app/Contents/PlaybackEngines/MacStandaloneSupport/UnityEditor.OSXStandalone.Extensions.dll
Registered in 0.002465 seconds.
Native extension for OSXStandalone target not found
Refreshing native plugins compatible for Editor in 23.18 ms, found 1 plugins.
Preloading 0 native plugins for Editor in 0.00 ms.
Mono: successfully reloaded assembly
- Completed reload, in  3.956 seconds
Platform modules already initialized, skipping
Registering precompiled user dll's ...
Registered in 0.001167 seconds.
Begin MonoManager ReloadAssembly
Native extension for OSXStandalone target not found
Refreshing native plugins compatible for Editor in 0.17 ms, found 1 plugins.
Preloading 0 native plugins for Editor in 0.00 ms.
Mono: successfully reloaded assembly
- Completed reload, in  0.881 seconds
Platform modules already initialized, skipping
========================================================================
Worker process is ready to serve import requests
Launching external process: /Applications/Unity/Hub/Editor/2020.3.10f1c1/Unity.app/Contents/Tools/UnityShaderCompiler
Launched and connected shader compiler UnityShaderCompiler after 0.01 seconds
Refreshing native plugins compatible for Editor in 0.18 ms, found 1 plugins.
Preloading 0 native plugins for Editor in 0.00 ms.
Unloading 1164 Unused Serialized files (Serialized files now loaded: 0)
System memory in use before: 113.8 MB.
System memory in use after: 113.9 MB.

Unloading 10 unused Assets to reduce memory usage. Loaded Objects now: 1605.
Total: 1.476776 ms (FindLiveObjects: 0.124834 ms CreateObjectMapping: 0.033563 ms MarkObjects: 1.244360 ms  DeleteObjects: 0.073184 ms)

========================================================================
Received Import Request.
  path: Assets/Dlls/Protobuf/Editor/ProtoGenerator/IndentWriter.cs
  artifactKey: Guid(d379768709776734cbd578d1f727fab9) Importer(815301076,1909f56bfc062723c751e8b465ee728b)
Start importing Assets/Dlls/Protobuf/Editor/ProtoGenerator/IndentWriter.cs using Guid(d379768709776734cbd578d1f727fab9) Importer(815301076,1909f56bfc062723c751e8b465ee728b)  -> (artifact id: '82c57e05b47a7b7c6aa14bc81b0b2308') in 0.356667 seconds
  Import took 0.360777 seconds .

