Using pre-set license
Built from '2020.3/china_unity/release' branch; Version is '2020.3.10f1c1 (65978a05d4e9) revision 6657930'; Using compiler version '192528614'; Build Type 'Release'
OS: 'Windows 10 Pro; OS build 19042.1415; Version 2009; 64bit' Language: 'zh' Physical Memory: 48926 MB
BatchMode: 1, IsHumanControllingUs: 0, StartBugReporterOnCrash: 0, Is64bit: 1, IsPro: 0

 COMMAND LINE ARGUMENTS:
C:\Program Files\Unity\Hub\Editor\2020.3.10f1c1\Editor\Unity.exe
-adb2
-batchMode
-noUpm
-name
AssetImportWorker0
-projectPath
D:/UGit/TinyProtobuf
-logFile
Logs/AssetImportWorker0.log
-srvPort
50594
Successfully changed project path to: D:/UGit/TinyProtobuf
D:/UGit/TinyProtobuf
Using Asset Import Pipeline V2.
Refreshing native plugins compatible for Editor in 17.53 ms, found 0 plugins.
Preloading 0 native plugins for Editor in 0.00 ms.
Initialize engine version: 2020.3.10f1c1 (65978a05d4e9)
[Subsystems] Discovering subsystems at path C:/Program Files/Unity/Hub/Editor/2020.3.10f1c1/Editor/Data/Resources/UnitySubsystems
[Subsystems] Discovering subsystems at path D:/UGit/TinyProtobuf/Assets
GfxDevice: creating device client; threaded=0
Direct3D:
    Version:  Direct3D 11.0 [level 11.1]
    Renderer: NVIDIA GeForce RTX 2060 (ID=0x1f08)
    Vendor:   
    VRAM:     5980 MB
    Driver:   26.21.14.4187
Initialize mono
Mono path[0] = 'C:/Program Files/Unity/Hub/Editor/2020.3.10f1c1/Editor/Data/Managed'
Mono path[1] = 'C:/Program Files/Unity/Hub/Editor/2020.3.10f1c1/Editor/Data/MonoBleedingEdge/lib/mono/unityjit'
Mono config path = 'C:/Program Files/Unity/Hub/Editor/2020.3.10f1c1/Editor/Data/MonoBleedingEdge/etc'
Using monoOptions --debugger-agent=transport=dt_socket,embedding=1,server=y,suspend=n,address=127.0.0.1:56076
Begin MonoManager ReloadAssembly
Registering precompiled unity dll's ...
Register platform support module: C:/Program Files/Unity/Hub/Editor/2020.3.10f1c1/Editor/Data/PlaybackEngines/WindowsStandaloneSupport/UnityEditor.WindowsStandalone.Extensions.dll
Registered in 0.002070 seconds.
Native extension for WindowsStandalone target not found
Refreshing native plugins compatible for Editor in 17.44 ms, found 0 plugins.
Preloading 0 native plugins for Editor in 0.00 ms.
Mono: successfully reloaded assembly
- Completed reload, in  1.738 seconds
Platform modules already initialized, skipping
Registering precompiled user dll's ...
Registered in 0.000587 seconds.
Begin MonoManager ReloadAssembly
Native extension for WindowsStandalone target not found
Refreshing native plugins compatible for Editor in 0.18 ms, found 0 plugins.
Preloading 0 native plugins for Editor in 0.00 ms.
Mono: successfully reloaded assembly
- Completed reload, in  0.741 seconds
Platform modules already initialized, skipping
========================================================================
Worker process is ready to serve import requests
Launched and connected shader compiler UnityShaderCompiler.exe after 0.08 seconds
Refreshing native plugins compatible for Editor in 0.19 ms, found 0 plugins.
Preloading 0 native plugins for Editor in 0.00 ms.
Unloading 1164 Unused Serialized files (Serialized files now loaded: 0)
System memory in use before: 58.7 MB.
System memory in use after: 58.8 MB.

Unloading 9 unused Assets to reduce memory usage. Loaded Objects now: 1606.
Total: 1.427300 ms (FindLiveObjects: 0.111500 ms CreateObjectMapping: 0.028700 ms MarkObjects: 1.233400 ms  DeleteObjects: 0.052900 ms)

========================================================================
Received Import Request.
  path: Assets/Dlls
  artifactKey: Guid(aa78bf5bcc64c401dbbceaf51ff7c2d1) Importer(815301076,1909f56bfc062723c751e8b465ee728b)
Start importing Assets/Dlls using Guid(aa78bf5bcc64c401dbbceaf51ff7c2d1) Importer(815301076,1909f56bfc062723c751e8b465ee728b)  -> (artifact id: 'a1b8fea3ff4c8179d50d0761956b3f19') in 0.003740 seconds
  Import took 0.005227 seconds .

========================================================================
Received Import Request.
  Time since last request: 10.994730 seconds.
  path: Assets/Dlls/Google.Protobuf.dll
  artifactKey: Guid(9d03f4dfbeff293489a96cf896aee7df) Importer(815301076,1909f56bfc062723c751e8b465ee728b)
Start importing Assets/Dlls/Google.Protobuf.dll using Guid(9d03f4dfbeff293489a96cf896aee7df) Importer(815301076,1909f56bfc062723c751e8b465ee728b)  -> (artifact id: '56378dab1b420dbfea8b3fe1a987715d') in 0.053091 seconds
  Import took 0.054858 seconds .

========================================================================
Received Import Request.
  Time since last request: 0.011857 seconds.
  path: Assets/Dlls/Google.Protobuf.dll
  artifactKey: Guid(9d03f4dfbeff293489a96cf896aee7df) Importer(815301076,1909f56bfc062723c751e8b465ee728b)
Start importing Assets/Dlls/Google.Protobuf.dll using Guid(9d03f4dfbeff293489a96cf896aee7df) Importer(815301076,1909f56bfc062723c751e8b465ee728b)  -> (artifact id: '56378dab1b420dbfea8b3fe1a987715d') in 0.002468 seconds
  Import took 0.004730 seconds .

========================================================================
Received Prepare
Registering precompiled user dll's ...
Registered in 0.000945 seconds.
Begin MonoManager ReloadAssembly
Error: Could not load signature of Google.Protobuf.ByteString:AttachBytes due to: Could not load file or assembly 'System.Memory, Version=4.0.1.1, Culture=neutral, PublicKeyToken=cc7b13ffcd2ddd51' or one of its dependencies. assembly:System.Memory, Version=4.0.1.1, Culture=neutral, PublicKeyToken=cc7b13ffcd2ddd51 type:<unknown type> member:(null) signature:<none>

Unloading broken assembly Assets/Dlls/Google.Protobuf.dll, this assembly can cause crashes in the runtime

Native extension for WindowsStandalone target not found
Refreshing native plugins compatible for Editor in 0.21 ms, found 0 plugins.
Preloading 0 native plugins for Editor in 0.00 ms.
Mono: successfully reloaded assembly
- Completed reload, in  0.683 seconds
Platform modules already initialized, skipping
Refreshing native plugins compatible for Editor in 0.29 ms, found 0 plugins.
Preloading 0 native plugins for Editor in 0.00 ms.
Unloading 1159 Unused Serialized files (Serialized files now loaded: 0)
System memory in use before: 58.6 MB.
System memory in use after: 58.7 MB.

Unloading 5 unused Assets to reduce memory usage. Loaded Objects now: 1608.
Total: 1.315700 ms (FindLiveObjects: 0.106000 ms CreateObjectMapping: 0.030600 ms MarkObjects: 1.162400 ms  DeleteObjects: 0.015700 ms)

========================================================================
Received Prepare
Registering precompiled user dll's ...
Registered in 0.001954 seconds.
Begin MonoManager ReloadAssembly
Native extension for WindowsStandalone target not found
Refreshing native plugins compatible for Editor in 0.19 ms, found 0 plugins.
Preloading 0 native plugins for Editor in 0.00 ms.
Mono: successfully reloaded assembly
- Completed reload, in  0.693 seconds
Platform modules already initialized, skipping
Refreshing native plugins compatible for Editor in 0.23 ms, found 0 plugins.
Preloading 0 native plugins for Editor in 0.00 ms.
Unloading 1162 Unused Serialized files (Serialized files now loaded: 0)
System memory in use before: 58.8 MB.
System memory in use after: 58.9 MB.

Unloading 8 unused Assets to reduce memory usage. Loaded Objects now: 1610.
Total: 1.333000 ms (FindLiveObjects: 0.101900 ms CreateObjectMapping: 0.026800 ms MarkObjects: 1.188400 ms  DeleteObjects: 0.015200 ms)

========================================================================
Received Prepare
Registering precompiled user dll's ...
Registered in 0.002275 seconds.
Begin MonoManager ReloadAssembly
Native extension for WindowsStandalone target not found
Refreshing native plugins compatible for Editor in 0.20 ms, found 0 plugins.
Preloading 0 native plugins for Editor in 0.00 ms.
Mono: successfully reloaded assembly
- Completed reload, in  0.682 seconds
Platform modules already initialized, skipping
Refreshing native plugins compatible for Editor in 0.21 ms, found 0 plugins.
Preloading 0 native plugins for Editor in 0.00 ms.
Unloading 1162 Unused Serialized files (Serialized files now loaded: 0)
System memory in use before: 58.8 MB.
System memory in use after: 58.9 MB.

Unloading 8 unused Assets to reduce memory usage. Loaded Objects now: 1612.
Total: 1.609400 ms (FindLiveObjects: 0.099300 ms CreateObjectMapping: 0.027200 ms MarkObjects: 1.467400 ms  DeleteObjects: 0.014600 ms)

========================================================================
Received Import Request.
  Time since last request: 231.537844 seconds.
  path: Assets/Dlls/gtesty/Google.Protobuf.dll
  artifactKey: Guid(b606340a1995d8348be601a07b1ab41d) Importer(815301076,1909f56bfc062723c751e8b465ee728b)
Start importing Assets/Dlls/gtesty/Google.Protobuf.dll using Guid(b606340a1995d8348be601a07b1ab41d) Importer(815301076,1909f56bfc062723c751e8b465ee728b)  -> (artifact id: '45f7c2c97d708e4199c827a2b0d0b319') in 0.003450 seconds
  Import took 0.005048 seconds .

========================================================================
Received Import Request.
  Time since last request: 0.010551 seconds.
  path: Assets/Dlls/gtesty/Google.Protobuf.dll
  artifactKey: Guid(b606340a1995d8348be601a07b1ab41d) Importer(815301076,1909f56bfc062723c751e8b465ee728b)
Start importing Assets/Dlls/gtesty/Google.Protobuf.dll using Guid(b606340a1995d8348be601a07b1ab41d) Importer(815301076,1909f56bfc062723c751e8b465ee728b)  -> (artifact id: '45f7c2c97d708e4199c827a2b0d0b319') in 0.001770 seconds
  Import took 0.003337 seconds .

========================================================================
Received Import Request.
  Time since last request: 3.252468 seconds.
  path: Assets/Dlls/gtesty/System.Buffers.dll
  artifactKey: Guid(bff8fc4c8d11a3c44b93f3153f8d3fd2) Importer(815301076,1909f56bfc062723c751e8b465ee728b)
Start importing Assets/Dlls/gtesty/System.Buffers.dll using Guid(bff8fc4c8d11a3c44b93f3153f8d3fd2) Importer(815301076,1909f56bfc062723c751e8b465ee728b)  -> (artifact id: '56a7df55c696204bdcb41f9c061756bb') in 0.002155 seconds
  Import took 0.003729 seconds .

========================================================================
Received Import Request.
  Time since last request: 0.001524 seconds.
  path: Assets/Dlls/gtesty/System.Buffers.dll
  artifactKey: Guid(bff8fc4c8d11a3c44b93f3153f8d3fd2) Importer(815301076,1909f56bfc062723c751e8b465ee728b)
Start importing Assets/Dlls/gtesty/System.Buffers.dll using Guid(bff8fc4c8d11a3c44b93f3153f8d3fd2) Importer(815301076,1909f56bfc062723c751e8b465ee728b)  -> (artifact id: '56a7df55c696204bdcb41f9c061756bb') in 0.001807 seconds
  Import took 0.003278 seconds .

========================================================================
Received Import Request.
  Time since last request: 1.083130 seconds.
  path: Assets/Dlls/gtesty/System.Memory.dll
  artifactKey: Guid(5b267a1a80b84004a887d81d4e832de0) Importer(815301076,1909f56bfc062723c751e8b465ee728b)
Start importing Assets/Dlls/gtesty/System.Memory.dll using Guid(5b267a1a80b84004a887d81d4e832de0) Importer(815301076,1909f56bfc062723c751e8b465ee728b)  -> (artifact id: '4eee84a827dbc2b349da5a169ef0e431') in 0.002016 seconds
  Import took 0.003774 seconds .

========================================================================
Received Import Request.
  Time since last request: 0.001436 seconds.
  path: Assets/Dlls/gtesty/System.Memory.dll
  artifactKey: Guid(5b267a1a80b84004a887d81d4e832de0) Importer(815301076,1909f56bfc062723c751e8b465ee728b)
Start importing Assets/Dlls/gtesty/System.Memory.dll using Guid(5b267a1a80b84004a887d81d4e832de0) Importer(815301076,1909f56bfc062723c751e8b465ee728b)  -> (artifact id: '4eee84a827dbc2b349da5a169ef0e431') in 0.001708 seconds
  Import took 0.003142 seconds .

========================================================================
Received Import Request.
  Time since last request: 1.305249 seconds.
  path: Assets/Dlls/gtesty/System.Runtime.CompilerServices.Unsafe.dll
  artifactKey: Guid(e814d6297895cae47b46c5b3652d2e31) Importer(815301076,1909f56bfc062723c751e8b465ee728b)
Start importing Assets/Dlls/gtesty/System.Runtime.CompilerServices.Unsafe.dll using Guid(e814d6297895cae47b46c5b3652d2e31) Importer(815301076,1909f56bfc062723c751e8b465ee728b)  -> (artifact id: '55b0866d4bf931f7c2b70f258f7af39f') in 0.002273 seconds
  Import took 0.003873 seconds .

========================================================================
Received Import Request.
  Time since last request: 0.001304 seconds.
  path: Assets/Dlls/gtesty/System.Runtime.CompilerServices.Unsafe.dll
  artifactKey: Guid(e814d6297895cae47b46c5b3652d2e31) Importer(815301076,1909f56bfc062723c751e8b465ee728b)
Start importing Assets/Dlls/gtesty/System.Runtime.CompilerServices.Unsafe.dll using Guid(e814d6297895cae47b46c5b3652d2e31) Importer(815301076,1909f56bfc062723c751e8b465ee728b)  -> (artifact id: '55b0866d4bf931f7c2b70f258f7af39f') in 0.002434 seconds
  Import took 0.003931 seconds .

========================================================================
Received Import Request.
  Time since last request: 3.690288 seconds.
  path: Assets/Dlls/gtesty
  artifactKey: Guid(27872d36f066b4e44b5f9ef8e5443449) Importer(815301076,1909f56bfc062723c751e8b465ee728b)
Start importing Assets/Dlls/gtesty using Guid(27872d36f066b4e44b5f9ef8e5443449) Importer(815301076,1909f56bfc062723c751e8b465ee728b)  -> (artifact id: 'cd6fd35c4aa866b1443d2b0616e8b40b') in 0.002199 seconds
  Import took 0.003852 seconds .

========================================================================
Received Import Request.
  Time since last request: 0.000983 seconds.
  path: Assets/Dlls/gtesty
  artifactKey: Guid(27872d36f066b4e44b5f9ef8e5443449) Importer(815301076,1909f56bfc062723c751e8b465ee728b)
Start importing Assets/Dlls/gtesty using Guid(27872d36f066b4e44b5f9ef8e5443449) Importer(815301076,1909f56bfc062723c751e8b465ee728b)  -> (artifact id: 'cd6fd35c4aa866b1443d2b0616e8b40b') in 0.001856 seconds
  Import took 0.003559 seconds .

========================================================================
Received Import Request.
  Time since last request: 24.822892 seconds.
  path: Assets/Dlls/Google
  artifactKey: Guid(27872d36f066b4e44b5f9ef8e5443449) Importer(815301076,1909f56bfc062723c751e8b465ee728b)
Start importing Assets/Dlls/Google using Guid(27872d36f066b4e44b5f9ef8e5443449) Importer(815301076,1909f56bfc062723c751e8b465ee728b)  -> (artifact id: '5e4601024a341714cc966404329ddfdf') in 0.002389 seconds
  Import took 0.004159 seconds .

========================================================================
Received Import Request.
  Time since last request: 5.617911 seconds.
  path: Assets/Tests
  artifactKey: Guid(b64067109163f47cca9b4f01e7d7406a) Importer(815301076,1909f56bfc062723c751e8b465ee728b)
Start importing Assets/Tests using Guid(b64067109163f47cca9b4f01e7d7406a) Importer(815301076,1909f56bfc062723c751e8b465ee728b)  -> (artifact id: '1d645d93c3a440b9a1eeef51bc58bc66') in 0.002207 seconds
  Import took 0.004321 seconds .

========================================================================
Received Import Request.
  Time since last request: 9.547546 seconds.
  path: Assets/Tests/ProtocolBuffer
  artifactKey: Guid(199cec2b8f63f9a449195b10eb63ac28) Importer(815301076,1909f56bfc062723c751e8b465ee728b)
Start importing Assets/Tests/ProtocolBuffer using Guid(199cec2b8f63f9a449195b10eb63ac28) Importer(815301076,1909f56bfc062723c751e8b465ee728b)  -> (artifact id: '70a237e364d50eb0381cc296c500986c') in 0.001994 seconds
  Import took 0.003631 seconds .

========================================================================
Received Import Request.
  Time since last request: 0.000768 seconds.
  path: Assets/Tests/ProtocolBuffer
  artifactKey: Guid(199cec2b8f63f9a449195b10eb63ac28) Importer(815301076,1909f56bfc062723c751e8b465ee728b)
Start importing Assets/Tests/ProtocolBuffer using Guid(199cec2b8f63f9a449195b10eb63ac28) Importer(815301076,1909f56bfc062723c751e8b465ee728b)  -> (artifact id: '70a237e364d50eb0381cc296c500986c') in 0.011203 seconds
  Import took 0.012733 seconds .

========================================================================
Received Import Request.
  Time since last request: 17.444378 seconds.
  path: Assets/Tests/protobuf-net/TestPref.cs
  artifactKey: Guid(a9890fa4820fa424099da961226b5f42) Importer(815301076,1909f56bfc062723c751e8b465ee728b)
Start importing Assets/Tests/protobuf-net/TestPref.cs using Guid(a9890fa4820fa424099da961226b5f42) Importer(815301076,1909f56bfc062723c751e8b465ee728b)  -> (artifact id: '08c772d238e36876c18cc7a6de163074') in 0.008668 seconds
  Import took 0.010315 seconds .

========================================================================
Received Import Request.
  Time since last request: 0.009019 seconds.
  path: Assets/Tests/protobuf-net/TestPref.cs
  artifactKey: Guid(a9890fa4820fa424099da961226b5f42) Importer(815301076,1909f56bfc062723c751e8b465ee728b)
Start importing Assets/Tests/protobuf-net/TestPref.cs using Guid(a9890fa4820fa424099da961226b5f42) Importer(815301076,1909f56bfc062723c751e8b465ee728b)  -> (artifact id: '08c772d238e36876c18cc7a6de163074') in 0.002430 seconds
  Import took 0.004138 seconds .

========================================================================
Received Import Request.
  Time since last request: 16.455574 seconds.
  path: Assets/Tests/ProtocolBuffer/TestProto3Pref.cs
  artifactKey: Guid(b1b90693076671c448a7eae1f0146af6) Importer(815301076,1909f56bfc062723c751e8b465ee728b)
Start importing Assets/Tests/ProtocolBuffer/TestProto3Pref.cs using Guid(b1b90693076671c448a7eae1f0146af6) Importer(815301076,1909f56bfc062723c751e8b465ee728b)  -> (artifact id: 'df1f01ddb4dff1a91351b8e3b905efb9') in 0.002058 seconds
  Import took 0.003677 seconds .

========================================================================
Received Import Request.
  Time since last request: 0.000920 seconds.
  path: Assets/Tests/ProtocolBuffer/TestProto3Pref.cs
  artifactKey: Guid(b1b90693076671c448a7eae1f0146af6) Importer(815301076,1909f56bfc062723c751e8b465ee728b)
Start importing Assets/Tests/ProtocolBuffer/TestProto3Pref.cs using Guid(b1b90693076671c448a7eae1f0146af6) Importer(815301076,1909f56bfc062723c751e8b465ee728b)  -> (artifact id: 'df1f01ddb4dff1a91351b8e3b905efb9') in 0.002107 seconds
  Import took 0.003704 seconds .

========================================================================
Received Prepare
Registering precompiled user dll's ...
Registered in 0.002005 seconds.
Begin MonoManager ReloadAssembly
Native extension for WindowsStandalone target not found
Refreshing native plugins compatible for Editor in 0.19 ms, found 0 plugins.
Preloading 0 native plugins for Editor in 0.00 ms.
Mono: successfully reloaded assembly
- Completed reload, in  0.684 seconds
Platform modules already initialized, skipping
Refreshing native plugins compatible for Editor in 0.19 ms, found 0 plugins.
Preloading 0 native plugins for Editor in 0.00 ms.
Unloading 1163 Unused Serialized files (Serialized files now loaded: 0)
System memory in use before: 58.9 MB.
System memory in use after: 59.0 MB.

Unloading 8 unused Assets to reduce memory usage. Loaded Objects now: 1615.
Total: 1.333100 ms (FindLiveObjects: 0.110300 ms CreateObjectMapping: 0.029300 ms MarkObjects: 1.180600 ms  DeleteObjects: 0.012100 ms)

========================================================================
Received Import Request.
  Time since last request: 46707.977347 seconds.
  path: Assets/Tests/ProtocolBuffer/Person.cs
  artifactKey: Guid(b5615a7bd9022dc4183d939c5f276c5e) Importer(815301076,1909f56bfc062723c751e8b465ee728b)
Start importing Assets/Tests/ProtocolBuffer/Person.cs using Guid(b5615a7bd9022dc4183d939c5f276c5e) Importer(815301076,1909f56bfc062723c751e8b465ee728b)  -> (artifact id: '1801bccc50c9bae15dd2ba8da2680f0a') in 0.005768 seconds
  Import took 0.007773 seconds .

========================================================================
Received Import Request.
  Time since last request: 0.026072 seconds.
  path: Assets/Tests/ProtocolBuffer/Person.cs
  artifactKey: Guid(b5615a7bd9022dc4183d939c5f276c5e) Importer(815301076,1909f56bfc062723c751e8b465ee728b)
Start importing Assets/Tests/ProtocolBuffer/Person.cs using Guid(b5615a7bd9022dc4183d939c5f276c5e) Importer(815301076,1909f56bfc062723c751e8b465ee728b)  -> (artifact id: '1801bccc50c9bae15dd2ba8da2680f0a') in 0.012817 seconds
  Import took 0.014427 seconds .

========================================================================
Received Prepare
Registering precompiled user dll's ...
Registered in 0.001823 seconds.
Begin MonoManager ReloadAssembly
Native extension for WindowsStandalone target not found
Refreshing native plugins compatible for Editor in 0.19 ms, found 0 plugins.
Preloading 0 native plugins for Editor in 0.00 ms.
Mono: successfully reloaded assembly
- Completed reload, in  0.707 seconds
Platform modules already initialized, skipping
Refreshing native plugins compatible for Editor in 0.24 ms, found 0 plugins.
Preloading 0 native plugins for Editor in 0.00 ms.
Unloading 1164 Unused Serialized files (Serialized files now loaded: 0)
System memory in use before: 58.9 MB.
System memory in use after: 59.0 MB.

Unloading 8 unused Assets to reduce memory usage. Loaded Objects now: 1618.
Total: 1.379200 ms (FindLiveObjects: 0.102900 ms CreateObjectMapping: 0.028300 ms MarkObjects: 1.233400 ms  DeleteObjects: 0.013900 ms)

========================================================================
Received Import Request.
  Time since last request: 2076.501324 seconds.
  path: Assets/Scenes
  artifactKey: Guid(f841d00dfe5c9494bb7f8d86d4ea1ea7) Importer(815301076,1909f56bfc062723c751e8b465ee728b)
Start importing Assets/Scenes using Guid(f841d00dfe5c9494bb7f8d86d4ea1ea7) Importer(815301076,1909f56bfc062723c751e8b465ee728b)  -> (artifact id: '426c78ed7ab4fe2d357bb1c0dbda2c11') in 0.009581 seconds
  Import took 0.012780 seconds .

========================================================================
Received Import Request.
  Time since last request: 0.622598 seconds.
  path: Assets/Scenes/SampleScene.unity
  artifactKey: Guid(9fc0d4010bbf28b4594072e72b8655ab) Importer(815301076,1909f56bfc062723c751e8b465ee728b)
Start importing Assets/Scenes/SampleScene.unity using Guid(9fc0d4010bbf28b4594072e72b8655ab) Importer(815301076,1909f56bfc062723c751e8b465ee728b)  -> (artifact id: '84d6f7e737c8020e5717f1400183cda9') in 0.015588 seconds
  Import took 0.017445 seconds .

========================================================================
Received Prepare
Registering precompiled user dll's ...
Registered in 0.002174 seconds.
Begin MonoManager ReloadAssembly
Native extension for WindowsStandalone target not found
Refreshing native plugins compatible for Editor in 0.20 ms, found 0 plugins.
Preloading 0 native plugins for Editor in 0.00 ms.
Mono: successfully reloaded assembly
- Completed reload, in  0.746 seconds
Platform modules already initialized, skipping
Refreshing native plugins compatible for Editor in 0.20 ms, found 0 plugins.
Preloading 0 native plugins for Editor in 0.00 ms.
Unloading 1164 Unused Serialized files (Serialized files now loaded: 0)
System memory in use before: 58.9 MB.
System memory in use after: 59.0 MB.

Unloading 8 unused Assets to reduce memory usage. Loaded Objects now: 1620.
Total: 1.593300 ms (FindLiveObjects: 0.118700 ms CreateObjectMapping: 0.028900 ms MarkObjects: 1.428100 ms  DeleteObjects: 0.016500 ms)

========================================================================
Received Prepare
Registering precompiled user dll's ...
Registered in 0.003517 seconds.
Begin MonoManager ReloadAssembly
Native extension for WindowsStandalone target not found
Refreshing native plugins compatible for Editor in 0.22 ms, found 0 plugins.
Preloading 0 native plugins for Editor in 0.00 ms.
Mono: successfully reloaded assembly
- Completed reload, in  0.705 seconds
Platform modules already initialized, skipping
Refreshing native plugins compatible for Editor in 0.28 ms, found 0 plugins.
Preloading 0 native plugins for Editor in 0.00 ms.
Unloading 1164 Unused Serialized files (Serialized files now loaded: 0)
System memory in use before: 58.9 MB.
System memory in use after: 59.0 MB.

Unloading 8 unused Assets to reduce memory usage. Loaded Objects now: 1622.
Total: 1.469700 ms (FindLiveObjects: 0.128000 ms CreateObjectMapping: 0.032000 ms MarkObjects: 1.293800 ms  DeleteObjects: 0.014400 ms)

========================================================================
Received Prepare
Registering precompiled user dll's ...
Registered in 0.001958 seconds.
Begin MonoManager ReloadAssembly
Native extension for WindowsStandalone target not found
Refreshing native plugins compatible for Editor in 0.23 ms, found 0 plugins.
Preloading 0 native plugins for Editor in 0.00 ms.
Mono: successfully reloaded assembly
- Completed reload, in  0.702 seconds
Platform modules already initialized, skipping
Refreshing native plugins compatible for Editor in 0.20 ms, found 0 plugins.
Preloading 0 native plugins for Editor in 0.00 ms.
Unloading 1164 Unused Serialized files (Serialized files now loaded: 0)
System memory in use before: 59.0 MB.
System memory in use after: 59.1 MB.

Unloading 8 unused Assets to reduce memory usage. Loaded Objects now: 1624.
Total: 1.401900 ms (FindLiveObjects: 0.116600 ms CreateObjectMapping: 0.031200 ms MarkObjects: 1.238700 ms  DeleteObjects: 0.014500 ms)

========================================================================
Received Prepare
Registering precompiled user dll's ...
Registered in 0.002202 seconds.
Begin MonoManager ReloadAssembly
Native extension for WindowsStandalone target not found
Refreshing native plugins compatible for Editor in 0.22 ms, found 0 plugins.
Preloading 0 native plugins for Editor in 0.00 ms.
Mono: successfully reloaded assembly
- Completed reload, in  0.693 seconds
Platform modules already initialized, skipping
Refreshing native plugins compatible for Editor in 0.24 ms, found 0 plugins.
Preloading 0 native plugins for Editor in 0.00 ms.
Unloading 1164 Unused Serialized files (Serialized files now loaded: 0)
System memory in use before: 59.0 MB.
System memory in use after: 59.1 MB.

Unloading 8 unused Assets to reduce memory usage. Loaded Objects now: 1626.
Total: 1.393500 ms (FindLiveObjects: 0.146100 ms CreateObjectMapping: 0.042000 ms MarkObjects: 1.186500 ms  DeleteObjects: 0.017400 ms)

========================================================================
Received Import Request.
  Time since last request: 598.372564 seconds.
  path: Assets/Tests/tiny-protobuf/TestTinyProtobufPref.cs
  artifactKey: Guid(d0d5efef844fd480482c91fa2315a1e4) Importer(815301076,1909f56bfc062723c751e8b465ee728b)
Start importing Assets/Tests/tiny-protobuf/TestTinyProtobufPref.cs using Guid(d0d5efef844fd480482c91fa2315a1e4) Importer(815301076,1909f56bfc062723c751e8b465ee728b)  -> (artifact id: '34b65ebc5d55e895fe4688ab1499a8b0') in 0.005826 seconds
  Import took 0.008116 seconds .

========================================================================
Received Import Request.
  Time since last request: 0.001116 seconds.
  path: Assets/Tests/tiny-protobuf/TestTinyProtobufPref.cs
  artifactKey: Guid(d0d5efef844fd480482c91fa2315a1e4) Importer(815301076,1909f56bfc062723c751e8b465ee728b)
Start importing Assets/Tests/tiny-protobuf/TestTinyProtobufPref.cs using Guid(d0d5efef844fd480482c91fa2315a1e4) Importer(815301076,1909f56bfc062723c751e8b465ee728b)  -> (artifact id: '34b65ebc5d55e895fe4688ab1499a8b0') in 0.002398 seconds
  Import took 0.004160 seconds .

========================================================================
Received Prepare
Registering precompiled user dll's ...
Registered in 0.002090 seconds.
Begin MonoManager ReloadAssembly
Native extension for WindowsStandalone target not found
Refreshing native plugins compatible for Editor in 0.23 ms, found 0 plugins.
Preloading 0 native plugins for Editor in 0.00 ms.
Mono: successfully reloaded assembly
- Completed reload, in  0.710 seconds
Platform modules already initialized, skipping
Refreshing native plugins compatible for Editor in 0.24 ms, found 0 plugins.
Preloading 0 native plugins for Editor in 0.00 ms.
Unloading 1164 Unused Serialized files (Serialized files now loaded: 0)
System memory in use before: 59.0 MB.
System memory in use after: 59.1 MB.

Unloading 8 unused Assets to reduce memory usage. Loaded Objects now: 1628.
Total: 1.397000 ms (FindLiveObjects: 0.122600 ms CreateObjectMapping: 0.032700 ms MarkObjects: 1.222800 ms  DeleteObjects: 0.017600 ms)

========================================================================
Received Prepare
Registering precompiled user dll's ...
Registered in 0.002239 seconds.
Begin MonoManager ReloadAssembly
Native extension for WindowsStandalone target not found
Refreshing native plugins compatible for Editor in 0.19 ms, found 0 plugins.
Preloading 0 native plugins for Editor in 0.00 ms.
Mono: successfully reloaded assembly
- Completed reload, in  0.685 seconds
Platform modules already initialized, skipping
Refreshing native plugins compatible for Editor in 0.21 ms, found 0 plugins.
Preloading 0 native plugins for Editor in 0.00 ms.
Unloading 1164 Unused Serialized files (Serialized files now loaded: 0)
System memory in use before: 59.0 MB.
System memory in use after: 59.1 MB.

Unloading 8 unused Assets to reduce memory usage. Loaded Objects now: 1630.
Total: 1.272700 ms (FindLiveObjects: 0.126700 ms CreateObjectMapping: 0.034000 ms MarkObjects: 1.098500 ms  DeleteObjects: 0.012600 ms)

========================================================================
Received Prepare
Registering precompiled user dll's ...
Registered in 0.001943 seconds.
Begin MonoManager ReloadAssembly
Native extension for WindowsStandalone target not found
Refreshing native plugins compatible for Editor in 0.20 ms, found 0 plugins.
Preloading 0 native plugins for Editor in 0.00 ms.
Mono: successfully reloaded assembly
- Completed reload, in  0.739 seconds
Platform modules already initialized, skipping
Refreshing native plugins compatible for Editor in 0.24 ms, found 0 plugins.
Preloading 0 native plugins for Editor in 0.00 ms.
Unloading 1164 Unused Serialized files (Serialized files now loaded: 0)
System memory in use before: 59.0 MB.
System memory in use after: 59.1 MB.

Unloading 8 unused Assets to reduce memory usage. Loaded Objects now: 1632.
Total: 1.587300 ms (FindLiveObjects: 0.215000 ms CreateObjectMapping: 0.059400 ms MarkObjects: 1.291500 ms  DeleteObjects: 0.020000 ms)

========================================================================
Received Import Request.
  Time since last request: 1327.681696 seconds.
  path: Assets/Tests/tiny-protobuf/TestTinyProtobufPref.cs
  artifactKey: Guid(d0d5efef844fd480482c91fa2315a1e4) Importer(815301076,1909f56bfc062723c751e8b465ee728b)
Start importing Assets/Tests/tiny-protobuf/TestTinyProtobufPref.cs using Guid(d0d5efef844fd480482c91fa2315a1e4) Importer(815301076,1909f56bfc062723c751e8b465ee728b)  -> (artifact id: '2d40383ae106abf5ee9365ae5b88e511') in 0.004407 seconds
  Import took 0.006692 seconds .

========================================================================
Received Import Request.
  Time since last request: 0.002012 seconds.
  path: Assets/Tests/tiny-protobuf/TestTinyProtobufPref.cs
  artifactKey: Guid(d0d5efef844fd480482c91fa2315a1e4) Importer(815301076,1909f56bfc062723c751e8b465ee728b)
Start importing Assets/Tests/tiny-protobuf/TestTinyProtobufPref.cs using Guid(d0d5efef844fd480482c91fa2315a1e4) Importer(815301076,1909f56bfc062723c751e8b465ee728b)  -> (artifact id: '2d40383ae106abf5ee9365ae5b88e511') in 0.001788 seconds
  Import took 0.003272 seconds .

========================================================================
Received Prepare
Registering precompiled user dll's ...
Registered in 0.001769 seconds.
Begin MonoManager ReloadAssembly
Native extension for WindowsStandalone target not found
Refreshing native plugins compatible for Editor in 0.20 ms, found 0 plugins.
Preloading 0 native plugins for Editor in 0.00 ms.
Mono: successfully reloaded assembly
- Completed reload, in  0.681 seconds
Platform modules already initialized, skipping
Refreshing native plugins compatible for Editor in 0.20 ms, found 0 plugins.
Preloading 0 native plugins for Editor in 0.00 ms.
Unloading 1164 Unused Serialized files (Serialized files now loaded: 0)
System memory in use before: 59.0 MB.
System memory in use after: 59.1 MB.

Unloading 8 unused Assets to reduce memory usage. Loaded Objects now: 1634.
Total: 1.289900 ms (FindLiveObjects: 0.116000 ms CreateObjectMapping: 0.028200 ms MarkObjects: 1.130500 ms  DeleteObjects: 0.014100 ms)

========================================================================
Received Prepare
Registering precompiled user dll's ...
Registered in 0.002360 seconds.
Begin MonoManager ReloadAssembly
Native extension for WindowsStandalone target not found
Refreshing native plugins compatible for Editor in 0.20 ms, found 0 plugins.
Preloading 0 native plugins for Editor in 0.00 ms.
Mono: successfully reloaded assembly
- Completed reload, in  0.695 seconds
Platform modules already initialized, skipping
Refreshing native plugins compatible for Editor in 0.19 ms, found 0 plugins.
Preloading 0 native plugins for Editor in 0.00 ms.
Unloading 1164 Unused Serialized files (Serialized files now loaded: 0)
System memory in use before: 59.0 MB.
System memory in use after: 59.1 MB.

Unloading 8 unused Assets to reduce memory usage. Loaded Objects now: 1636.
Total: 1.179700 ms (FindLiveObjects: 0.113000 ms CreateObjectMapping: 0.028700 ms MarkObjects: 1.022400 ms  DeleteObjects: 0.014400 ms)

